\BOOKMARK [0][-]{chapter.1}{\376\377\000R\000e\000n\000d\000u\000\040\0001}{}% 1
\BOOKMARK [0][-]{chapter.2}{\376\377\000R\000e\000n\000d\000u\000\040\0002}{}% 2
\BOOKMARK [1][-]{section.2.1}{\376\377\000T\000r\000a\000d\000u\000c\000t\000i\000o\000n\000\040\000d\000u\000\040\000S\000c\000h\000\351\000m\000a\000\040\000E\000n\000t\000i\000t\000\351\000-\000A\000s\000s\000o\000c\000i\000a\000t\000i\000o\000n}{chapter.2}% 3
\BOOKMARK [1][-]{section.2.2}{\376\377\000I\000m\000p\000l\000\351\000m\000e\000n\000t\000a\000t\000i\000o\000n}{chapter.2}% 4
\BOOKMARK [2][-]{subsection.2.2.1}{\376\377\000S\000c\000h\000\351\000m\000a\000\040\000d\000e\000\040\000l\000a\000\040\000b\000a\000s\000e\000\040\000e\000t\000\040\000J\000u\000s\000t\000i\000f\000i\000c\000a\000t\000i\000o\000n\000\040\000d\000e\000s\000\040\000c\000h\000o\000i\000x}{section.2.2}% 5
\BOOKMARK [2][-]{subsection.2.2.2}{\376\377\000C\000o\000n\000t\000r\000a\000i\000n\000t\000e\000s\000\040\000n\000o\000n\000\040\000G\000a\000r\000a\000n\000t\000i\000e}{section.2.2}% 6
\BOOKMARK [1][-]{section.2.3}{\376\377\000D\000e\000m\000a\000n\000d\000e\000\040\000s\000u\000p\000p\000l\000\351\000m\000e\000n\000t\000a\000i\000r\000e}{chapter.2}% 7
\BOOKMARK [0][-]{chapter.3}{\376\377\000R\000e\000n\000d\000u\000\040\0003}{}% 8
\BOOKMARK [1][-]{section.3.1}{\376\377\000A\000j\000o\000u\000t\000\040\000p\000a\000r\000\040\000r\000a\000p\000p\000o\000r\000t\000\040\000a\000u\000\040\000d\000e\000u\000x\000i\000\350\000m\000e\000\040\000r\000a\000p\000p\000o\000r\000t}{chapter.3}% 9
\BOOKMARK [2][-]{subsection.3.1.1}{\376\377\000D\000a\000n\000s\000\040\000l\000e\000\040\000d\000u\000m\000p}{section.3.1}% 10
\BOOKMARK [2][-]{subsection.3.1.2}{\376\377\000G\000\351\000n\000\351\000r\000a\000t\000i\000o\000n\000\040\000d\000u\000\040\000d\000u\000m\000p}{section.3.1}% 11
\BOOKMARK [1][-]{section.3.2}{\376\377\000E\000x\000p\000l\000i\000c\000a\000t\000i\000o\000n\000\040\000d\000u\000\040\000s\000i\000t\000e}{chapter.3}% 12
\BOOKMARK [2][-]{subsection.3.2.1}{\376\377\000M\000e\000n\000u}{section.3.2}% 13
\BOOKMARK [2][-]{subsection.3.2.2}{\376\377\000A\000c\000c\000u\000e\000i\000l}{section.3.2}% 14
\BOOKMARK [2][-]{subsection.3.2.3}{\376\377\000C\000o\000n\000n\000e\000x\000i\000o\000n}{section.3.2}% 15
\BOOKMARK [2][-]{subsection.3.2.4}{\376\377\000P\000r\000o\000f\000i\000l}{section.3.2}% 16
\BOOKMARK [2][-]{subsection.3.2.5}{\376\377\000T\000r\000a\000j\000e\000t}{section.3.2}% 17
\BOOKMARK [2][-]{subsection.3.2.6}{\376\377\000T\000r\000a\000j\000e\000t\000\040\000e\000n\000\040\000c\000o\000u\000r\000s}{section.3.2}% 18
\BOOKMARK [2][-]{subsection.3.2.7}{\376\377\000D\000\351\000c\000o\000n\000n\000e\000x\000i\000o\000n}{section.3.2}% 19
\BOOKMARK [2][-]{subsection.3.2.8}{\376\377\000S\000t\000a\000t\000i\000s\000t\000i\000q\000u\000e\000s}{section.3.2}% 20
\BOOKMARK [1][-]{section.3.3}{\376\377\000E\000x\000p\000l\000i\000c\000a\000t\000i\000o\000n\000\040\000d\000u\000\040\000c\000o\000d\000e}{chapter.3}% 21
\BOOKMARK [2][-]{subsection.3.3.1}{\376\377\000L\000a\000\040\000c\000l\000\351\000\040\000s\000e\000c\000r\000\350\000t\000e}{section.3.3}% 22
\BOOKMARK [2][-]{subsection.3.3.2}{\376\377\000L\000'\000a\000c\000c\000u\000e\000i\000l}{section.3.3}% 23
\BOOKMARK [2][-]{subsection.3.3.3}{\376\377\000\311\000v\000i\000t\000e\000r\000\040\000d\000e\000\040\000r\000\351\000\351\000c\000r\000i\000r\000e\000\040\000l\000a\000\040\000b\000a\000s\000e\000\040\000d\000e\000\040\000l\000a\000\040\000t\000e\000m\000p\000l\000a\000t\000e}{section.3.3}% 24
\BOOKMARK [2][-]{subsection.3.3.4}{\376\377\000P\000e\000t\000i\000t\000s\000\040\000i\000c\000o\000n\000s}{section.3.3}% 25
\BOOKMARK [1][-]{section.3.4}{\376\377\000Q\000u\000e\000l\000q\000u\000e\000s\000\040\000r\000e\000q\000u\000\352\000t\000e\000s\000\040\000S\000Q\000L\000\040\000i\000n\000t\000\351\000r\000e\000s\000s\000a\000n\000t\000e}{chapter.3}% 26
\BOOKMARK [1][-]{section.3.5}{\376\377\000O\000r\000g\000a\000n\000i\000s\000a\000t\000i\000o\000n\000\040\000d\000u\000\040\000t\000r\000a\000v\000a\000i\000l}{chapter.3}% 27
